{
  "stats": {
    "suites": 1,
    "tests": 2,
    "passes": 2,
    "pending": 0,
    "failures": 0,
    "start": "2022-02-18T18:11:53.993Z",
    "end": "2022-02-18T18:12:02.843Z",
    "duration": 8850,
    "testsRegistered": 2,
    "passPercent": 100,
    "pendingPercent": 0,
    "other": 0,
    "hasOther": false,
    "skipped": 0,
    "hasSkipped": false
  },
  "results": [
    {
      "uuid": "ddfba079-a3de-4640-80b7-faa9b63b37b0",
      "title": "",
      "fullFile": "cypress/integration/tests/teste.texo.js",
      "file": "cypress/integration/tests/teste.texo.js",
      "beforeHooks": [],
      "afterHooks": [],
      "tests": [],
      "suites": [
        {
          "uuid": "bcb4f1b4-bf6d-4193-8a56-e252d30f942b",
          "title": "Json Place Holder",
          "fullFile": "",
          "file": "",
          "beforeHooks": [],
          "afterHooks": [],
          "tests": [
            {
              "title": "Deve acessar o link do Jsonplaceholder, Acessar o menu Guide ",
              "fullTitle": "Json Place Holder Deve acessar o link do Jsonplaceholder, Acessar o menu Guide ",
              "timedOut": null,
              "duration": 6293,
              "state": "passed",
              "speed": "medium",
              "pass": true,
              "fail": false,
              "pending": false,
              "context": null,
              "code": "const Json = new _Jsonplaceholder.default();\nJson.acessarTela();\ncy.get(GUIDE_HREF).click();",
              "err": {},
              "uuid": "75274cc0-530f-4ccc-878a-d3e88498e49a",
              "parentUUID": "bcb4f1b4-bf6d-4193-8a56-e252d30f942b",
              "isHook": false,
              "skipped": false
            },
            {
              "title": "Deve capturar os dados exibidos em tela e salvá-los num array JSON",
              "fullTitle": "Json Place Holder Deve capturar os dados exibidos em tela e salvá-los num array JSON",
              "timedOut": null,
              "duration": 72,
              "state": "passed",
              "speed": "fast",
              "pass": true,
              "fail": false,
              "pending": false,
              "context": null,
              "code": "//cy.expectValidJsonWithMinimumLength('/albums/1/photos',6);\nlet datalist = [];\nfetch('https://jsonplaceholder.typicode.com/albums/1/photos').then(response => response.json()).then(json => {\n  expect(json[5].albumId).to.eq(1);\n  expect(json[5].id).to.eq(6);\n  expect(json[5].title).to.eq('accusamus ea aliquid et amet sequi nemo');\n  expect(json[5].url).to.eq('https://via.placeholder.com/600/56a8c2');\n  expect(json[5].thumbnailUrl).to.eq('https://via.placeholder.com/150/56a8c2');\n});",
              "err": {},
              "uuid": "fee014a9-7f0d-4c67-84e3-bbc3ef889ea1",
              "parentUUID": "bcb4f1b4-bf6d-4193-8a56-e252d30f942b",
              "isHook": false,
              "skipped": false
            }
          ],
          "suites": [],
          "passes": [
            "75274cc0-530f-4ccc-878a-d3e88498e49a",
            "fee014a9-7f0d-4c67-84e3-bbc3ef889ea1"
          ],
          "failures": [],
          "pending": [],
          "skipped": [],
          "duration": 6365,
          "root": false,
          "rootEmpty": false,
          "_timeout": 2000
        }
      ],
      "passes": [],
      "failures": [],
      "pending": [],
      "skipped": [],
      "duration": 0,
      "root": true,
      "rootEmpty": true,
      "_timeout": 2000
    }
  ],
  "meta": {
    "mocha": {
      "version": "7.0.1"
    },
    "mochawesome": {
      "options": {
        "quiet": false,
        "reportFilename": "mochawesome",
        "saveHtml": false,
        "saveJson": true,
        "consoleReporter": "spec",
        "useInlineDiffs": false,
        "code": true
      },
      "version": "7.0.1"
    },
    "marge": {
      "options": {
        "reportDir": "cypress/report/mochawesome-report",
        "overwrite": "false",
        "html": "false",
        "json": "true",
        "timestamp": "mmddyyyy_HHMMss",
        "reportTitle": "RELATÓRIO DE TESTES",
        "cdn": "true",
        "charts": "true"
      },
      "version": "6.0.1"
    }
  }
}